-0.707166	-0.710173	
-2.29446	36.7055	
0.704037	-8.29133	
-0.995575	-0.288121	1
-0.706229	-0.270034	0.409706
-0.724392	-0.271169	0.0250747
-0.723252	-0.271098	0.00157656
-0.723324	-0.271103	9.89599e-05
-0.723319	-0.271102	6.21232e-06
inner loop finished
-6	0.5	-6.72332	0.228898	0.107584
outer loop: 1
-0.976816	-0.978729	
-0.914194	20.4841	
-0.210625	-1.3906	
0.215624	-0.0582638	1
0.274002	-0.0556584	0.213056
0.271392	-0.0557749	0.00961885
0.271509	-0.0557697	0.000429941
0.271503	-0.0557699	1.9226e-05
0.271504	-0.0557699	8.59727e-07
inner loop finished
-6.72332	0.228898	-6.45182	0.173128	0.0420817
outer loop: 2
-0.998663	-1.00132	
-0.382266	14.4177	
0.00317051	-0.247673	
-0.00317475	-0.0172626	1
0.0141337	-0.0168037	1.03004
0.0136736	-0.0168159	0.0273628
0.0136858	-0.0168156	0.000727431
0.0136855	-0.0168156	1.93381e-05
0.0136855	-0.0168156	5.14086e-07
inner loop finished
-6.45182	0.173128	-6.43813	0.156312	0.00261187
outer loop: 3
-0.998631	-1.00137	
-0.313245	12.9595	
-6.4021e-07	-0.012758	
6.41088e-07	-0.000984439	1
0.000987777	-0.000960578	0.999351
0.000963851	-0.000961157	0.0248228
0.000964431	-0.000961143	0.000601275
0.000964417	-0.000961143	1.45735e-05
0.000964417	-0.000961143	3.53222e-07
inner loop finished
-6.43813	0.156312	-6.43717	0.155351	0.00014982
outer loop: 4
-0.998628	-1.00137	
-0.309338	12.876	
-2.52942e-09	-4.20332e-05	
2.53289e-09	-3.26441e-06	1
3.2759e-06	-3.18577e-06	0.999227
3.19705e-06	-3.18766e-06	0.0246655
3.19895e-06	-3.18762e-06	0.000593849
3.1989e-06	-3.18762e-06	1.43063e-05
3.1989e-06	-3.18762e-06	3.44643e-07
inner loop finished
-6.43717	0.155351	-6.43716	0.155348	4.96943e-07
outer loop: 5
root of the equation is:
-6.43716	0.155348	
